
  .   ____          _            __ _ _
 /\\ / ___'_ __ _ _(_)_ __  __ _ \ \ \ \
( ( )\___ | '_ | '_| | '_ \/ _` | \ \ \ \
 \\/  ___)| |_)| | | | | || (_| |  ) ) ) )
  '  |____| .__|_| |_|_| |_\__, | / / / /
 =========|_|==============|___/=/_/_/_/

 :: Spring Boot ::                (v4.1.0)

2026-06-15T17:11:05.967-07:00  INFO 35668 --- [ecommerceAngularApp] [           main] c.b.e.EcommerceAngularAppApplication     : Starting EcommerceAngularAppApplication v0.0.1-SNAPSHOT using Java 24.0.1 with PID 35668 (B:\Documents\Coding\AngularECommerceApp\ecommerceAngularApp\backend\target\ecommerceAngularApp-0.0.1-SNAPSHOT.jar started by bobby in B:\Documents\Coding\AngularECommerceApp\ecommerceAngularApp\backend)
2026-06-15T17:11:05.972-07:00  INFO 35668 --- [ecommerceAngularApp] [           main] c.b.e.EcommerceAngularAppApplication     : No active profile set, falling back to 1 default profile: "default"
2026-06-15T17:11:07.264-07:00  INFO 35668 --- [ecommerceAngularApp] [           main] .s.d.r.c.RepositoryConfigurationDelegate : Bootstrapping Spring Data JPA repositories in DEFAULT mode.
2026-06-15T17:11:07.332-07:00  INFO 35668 --- [ecommerceAngularApp] [           main] .s.d.r.c.RepositoryConfigurationDelegate : Finished Spring Data repository scanning in 48 ms. Found 7 JPA repository interfaces.
2026-06-15T17:11:08.286-07:00  INFO 35668 --- [ecommerceAngularApp] [           main] o.s.boot.tomcat.TomcatWebServer          : Tomcat initialized with port 8585 (http)
2026-06-15T17:11:08.303-07:00  INFO 35668 --- [ecommerceAngularApp] [           main] o.apache.catalina.core.StandardService   : Starting service [Tomcat]
2026-06-15T17:11:08.303-07:00  INFO 35668 --- [ecommerceAngularApp] [           main] o.apache.catalina.core.StandardEngine    : Starting Servlet engine: [Apache Tomcat/11.0.22]
2026-06-15T17:11:08.333-07:00  INFO 35668 --- [ecommerceAngularApp] [           main] b.w.c.s.WebApplicationContextInitializer : Root WebApplicationContext: initialization completed in 2301 ms
2026-06-15T17:11:08.806-07:00  INFO 35668 --- [ecommerceAngularApp] [           main] org.hibernate.orm.jpa                    : HHH008540: Processing PersistenceUnitInfo [name: default]
2026-06-15T17:11:08.881-07:00  INFO 35668 --- [ecommerceAngularApp] [           main] org.hibernate.orm.core                   : HHH000001: Hibernate ORM core version 7.4.1.Final
2026-06-15T17:11:09.707-07:00  INFO 35668 --- [ecommerceAngularApp] [           main] o.s.o.j.p.SpringPersistenceUnitInfo      : No LoadTimeWeaver setup: ignoring JPA class transformer
2026-06-15T17:11:09.739-07:00  INFO 35668 --- [ecommerceAngularApp] [           main] com.zaxxer.hikari.HikariDataSource       : HikariPool-1 - Starting...
2026-06-15T17:11:10.217-07:00  INFO 35668 --- [ecommerceAngularApp] [           main] com.zaxxer.hikari.pool.HikariPool        : HikariPool-1 - Added connection com.mysql.cj.jdbc.ConnectionImpl@762cdf46
2026-06-15T17:11:10.218-07:00  INFO 35668 --- [ecommerceAngularApp] [           main] com.zaxxer.hikari.HikariDataSource       : HikariPool-1 - Start completed.
2026-06-15T17:11:10.324-07:00  INFO 35668 --- [ecommerceAngularApp] [           main] org.hibernate.orm.connections.pooling    : HHH10001005: Database info:
	Database JDBC URL [jdbc:mysql://localhost:3307/full-stack-ecommerce]
	Database driver: MySQL Connector/J
	Database dialect: MySQLDialect
	Database version: 8.4.9
	Default catalog/schema: full-stack-ecommerce/undefined
	Autocommit mode: undefined/unknown
	Isolation level: REPEATABLE_READ [default REPEATABLE_READ]
	JDBC fetch size: none
	Pool: DataSourceConnectionProvider
	Minimum pool size: undefined/unknown
	Maximum pool size: undefined/unknown
2026-06-15T17:11:11.531-07:00  INFO 35668 --- [ecommerceAngularApp] [           main] org.hibernate.orm.core                   : HHH000489: No JTA platform available (set 'hibernate.transaction.jta.platform' to enable JTA platform integration)
2026-06-15T17:11:11.613-07:00  INFO 35668 --- [ecommerceAngularApp] [           main] j.LocalContainerEntityManagerFactoryBean : Initialized JPA EntityManagerFactory for persistence unit 'default'
2026-06-15T17:11:11.702-07:00  INFO 35668 --- [ecommerceAngularApp] [           main] o.s.d.j.r.query.QueryEnhancerFactories   : Hibernate is in classpath; If applicable, HQL parser will be used.
2026-06-15T17:11:12.284-07:00  WARN 35668 --- [ecommerceAngularApp] [           main] JpaBaseConfiguration$JpaWebConfiguration : spring.jpa.open-in-view is enabled by default. Therefore, database queries may be performed during view rendering. Explicitly configure spring.jpa.open-in-view to disable this warning
2026-06-15T17:11:13.682-07:00  INFO 35668 --- [ecommerceAngularApp] [           main] o.s.boot.tomcat.TomcatWebServer          : Tomcat started on port 8585 (http) with context path '/'
2026-06-15T17:11:13.708-07:00  INFO 35668 --- [ecommerceAngularApp] [           main] c.b.e.EcommerceAngularAppApplication     : Started EcommerceAngularAppApplication in 8.33 seconds (process running for 9.146)
Hibernate: select count(*) from product p1_0
Hibernate: select count(*) from country c1_0
Hibernate: select c1_0.id,c1_0.email,c1_0.first_name,c1_0.last_name,c1_0.newsletter_subscribed,c1_0.unsubscribe_token from customer c1_0
2026-06-15T17:11:14.164-07:00  WARN 35668 --- [ecommerceAngularApp] [           main] c.b.e.bootstrap.DataLoader               : Skipped newsletter backfill (non-fatal): Null value was assigned to a property [class com.bob.ecommerceangularapp.entity.Customer.newsletterSubscribed] of primitive type: 'com.bob.ecommerceangularapp.entity.Customer.newsletterSubscribed' (setter)
2026-06-15T17:17:45.741-07:00  INFO 35668 --- [ecommerceAngularApp] [nio-8585-exec-1] o.a.c.c.C.[Tomcat].[localhost].[/]       : Initializing Spring DispatcherServlet 'dispatcherServlet'
2026-06-15T17:17:45.741-07:00  INFO 35668 --- [ecommerceAngularApp] [nio-8585-exec-1] o.s.web.servlet.DispatcherServlet        : Initializing Servlet 'dispatcherServlet'
2026-06-15T17:17:45.742-07:00  INFO 35668 --- [ecommerceAngularApp] [nio-8585-exec-1] o.s.web.servlet.DispatcherServlet        : Completed initialization in 1 ms
Hibernate: select p1_0.id,p1_0.active,p1_0.category_id,p1_0.date_created,p1_0.description,p1_0.image_url,p1_0.last_updated,p1_0.name,p1_0.original_price,p1_0.sku,p1_0.unit_price,p1_0.units_in_stock from product p1_0 limit ?,?
Hibernate: select pc1_0.id,pc1_0.category_name from product_category pc1_0 where pc1_0.id=?
Hibernate: select count(p1_0.id) from product p1_0
Hibernate: select p1_0.id,p1_0.active,p1_0.category_id,p1_0.date_created,p1_0.description,p1_0.image_url,p1_0.last_updated,p1_0.name,p1_0.original_price,p1_0.sku,p1_0.unit_price,p1_0.units_in_stock from product p1_0 limit ?,?
Hibernate: select pc1_0.id,pc1_0.category_name from product_category pc1_0 where pc1_0.id=?
Hibernate: select count(p1_0.id) from product p1_0
Hibernate: select p1_0.id,p1_0.active,p1_0.category_id,p1_0.date_created,p1_0.description,p1_0.image_url,p1_0.last_updated,p1_0.name,p1_0.original_price,p1_0.sku,p1_0.unit_price,p1_0.units_in_stock from product p1_0 where p1_0.original_price is not null limit ?
Hibernate: select p1_0.id,p1_0.active,p1_0.category_id,p1_0.date_created,p1_0.description,p1_0.image_url,p1_0.last_updated,p1_0.name,p1_0.original_price,p1_0.sku,p1_0.unit_price,p1_0.units_in_stock from product p1_0 where p1_0.original_price is not null limit ?
